<?xml version="1.0" encoding="UTF-8"?>
<!-- Generated by org.testng.reporters.JUnitReportReporter -->
<testsuite skipped="0" hostname="LAPTOP-HC7TTO3K" name="com.testng.grouping.Grouping" tests="2" failures="0" timestamp="2021-11-30T13:08:26 IST" time="0.016" errors="0">
  <testcase name="testCase1" time="0.016" classname="com.testng.grouping.Grouping"/>
  <system-out/>
  <testcase name="testCase2" time="0.000" classname="com.testng.grouping.Grouping"/>
  <system-out/>
</testsuite> <!-- com.testng.grouping.Grouping -->
