<?xml version="1.0" encoding="UTF-8"?>
<!-- Generated by org.testng.reporters.JUnitReportReporter -->
<testsuite skipped="0" hostname="LAPTOP-HC7TTO3K" name="com.testng.dataProviders.Data_Providers" tests="2" failures="0" timestamp="2021-12-02T10:54:28 IST" time="0.012" errors="0">
  <testcase name="myTest" time="0.011" classname="com.testng.dataProviders.Data_Providers"/>
  <system-out/>
  <testcase name="myTest" time="0.001" classname="com.testng.dataProviders.Data_Providers"/>
  <system-out/>
</testsuite> <!-- com.testng.dataProviders.Data_Providers -->
