<?xml version="1.0" encoding="UTF-8"?>
<!-- Generated by org.testng.reporters.JUnitReportReporter -->
<testsuite skipped="0" hostname="LAPTOP-HC7TTO3K" name="com.testng.parallelExecutions.Parallel_Execution" tests="2" failures="0" timestamp="2021-12-02T11:02:49 IST" time="0.042" errors="0">
  <testcase name="method2" time="0.022" classname="com.testng.parallelExecutions.Parallel_Execution"/>
  <system-out/>
  <testcase name="method1" time="0.020" classname="com.testng.parallelExecutions.Parallel_Execution"/>
  <system-out/>
</testsuite> <!-- com.testng.parallelExecutions.Parallel_Execution -->
