<?xml version="1.0" encoding="UTF-8"?>
<!-- Generated by org.testng.reporters.JUnitReportReporter -->
<testsuite skipped="0" hostname="LAPTOP-HC7TTO3K" name="com.testng.assertions.Assetions_TestNG" tests="1" failures="0" timestamp="2021-12-02T10:50:20 IST" time="0.028" errors="0">
  <testcase name="compare" time="0.028" classname="com.testng.assertions.Assetions_TestNG"/>
  <system-out/>
</testsuite> <!-- com.testng.assertions.Assetions_TestNG -->
